ARM GAS  /tmp/ccthDUaA.s 			page 1


   1              		.cpu cortex-m4
   2              		.arch armv7e-m
   3              		.fpu fpv4-sp-d16
   4              		.eabi_attribute 27, 1
   5              		.eabi_attribute 28, 1
   6              		.eabi_attribute 20, 1
   7              		.eabi_attribute 21, 1
   8              		.eabi_attribute 23, 3
   9              		.eabi_attribute 24, 1
  10              		.eabi_attribute 25, 1
  11              		.eabi_attribute 26, 1
  12              		.eabi_attribute 30, 1
  13              		.eabi_attribute 34, 1
  14              		.eabi_attribute 18, 4
  15              		.file	"stm32l4xx_hal_msp.c"
  16              		.text
  17              	.Ltext0:
  18              		.cfi_sections	.debug_frame
  19              		.file 1 "Core/Src/stm32l4xx_hal_msp.c"
  20              		.section	.text.HAL_MspInit,"ax",%progbits
  21              		.align	1
  22              		.global	HAL_MspInit
  23              		.syntax unified
  24              		.thumb
  25              		.thumb_func
  27              	HAL_MspInit:
  28              	.LFB235:
   1:Core/Src/stm32l4xx_hal_msp.c **** /* USER CODE BEGIN Header */
   2:Core/Src/stm32l4xx_hal_msp.c **** /**
   3:Core/Src/stm32l4xx_hal_msp.c ****   ******************************************************************************
   4:Core/Src/stm32l4xx_hal_msp.c ****   * @file         stm32l4xx_hal_msp.c
   5:Core/Src/stm32l4xx_hal_msp.c ****   * @brief        This file provides code for the MSP Initialization
   6:Core/Src/stm32l4xx_hal_msp.c ****   *               and de-Initialization codes.
   7:Core/Src/stm32l4xx_hal_msp.c ****   ******************************************************************************
   8:Core/Src/stm32l4xx_hal_msp.c ****   * @attention
   9:Core/Src/stm32l4xx_hal_msp.c ****   *
  10:Core/Src/stm32l4xx_hal_msp.c ****   * Copyright (c) 2026 STMicroelectronics.
  11:Core/Src/stm32l4xx_hal_msp.c ****   * All rights reserved.
  12:Core/Src/stm32l4xx_hal_msp.c ****   *
  13:Core/Src/stm32l4xx_hal_msp.c ****   * This software is licensed under terms that can be found in the LICENSE file
  14:Core/Src/stm32l4xx_hal_msp.c ****   * in the root directory of this software component.
  15:Core/Src/stm32l4xx_hal_msp.c ****   * If no LICENSE file comes with this software, it is provided AS-IS.
  16:Core/Src/stm32l4xx_hal_msp.c ****   *
  17:Core/Src/stm32l4xx_hal_msp.c ****   ******************************************************************************
  18:Core/Src/stm32l4xx_hal_msp.c ****   */
  19:Core/Src/stm32l4xx_hal_msp.c **** /* USER CODE END Header */
  20:Core/Src/stm32l4xx_hal_msp.c **** 
  21:Core/Src/stm32l4xx_hal_msp.c **** /* Includes ------------------------------------------------------------------*/
  22:Core/Src/stm32l4xx_hal_msp.c **** #include "main.h"
  23:Core/Src/stm32l4xx_hal_msp.c **** /* USER CODE BEGIN Includes */
  24:Core/Src/stm32l4xx_hal_msp.c **** 
  25:Core/Src/stm32l4xx_hal_msp.c **** /* USER CODE END Includes */
  26:Core/Src/stm32l4xx_hal_msp.c **** 
  27:Core/Src/stm32l4xx_hal_msp.c **** /* Private typedef -----------------------------------------------------------*/
  28:Core/Src/stm32l4xx_hal_msp.c **** /* USER CODE BEGIN TD */
  29:Core/Src/stm32l4xx_hal_msp.c **** 
  30:Core/Src/stm32l4xx_hal_msp.c **** /* USER CODE END TD */
ARM GAS  /tmp/ccthDUaA.s 			page 2


  31:Core/Src/stm32l4xx_hal_msp.c **** 
  32:Core/Src/stm32l4xx_hal_msp.c **** /* Private define ------------------------------------------------------------*/
  33:Core/Src/stm32l4xx_hal_msp.c **** /* USER CODE BEGIN Define */
  34:Core/Src/stm32l4xx_hal_msp.c **** 
  35:Core/Src/stm32l4xx_hal_msp.c **** /* USER CODE END Define */
  36:Core/Src/stm32l4xx_hal_msp.c **** 
  37:Core/Src/stm32l4xx_hal_msp.c **** /* Private macro -------------------------------------------------------------*/
  38:Core/Src/stm32l4xx_hal_msp.c **** /* USER CODE BEGIN Macro */
  39:Core/Src/stm32l4xx_hal_msp.c **** 
  40:Core/Src/stm32l4xx_hal_msp.c **** /* USER CODE END Macro */
  41:Core/Src/stm32l4xx_hal_msp.c **** 
  42:Core/Src/stm32l4xx_hal_msp.c **** /* Private variables ---------------------------------------------------------*/
  43:Core/Src/stm32l4xx_hal_msp.c **** /* USER CODE BEGIN PV */
  44:Core/Src/stm32l4xx_hal_msp.c **** 
  45:Core/Src/stm32l4xx_hal_msp.c **** /* USER CODE END PV */
  46:Core/Src/stm32l4xx_hal_msp.c **** 
  47:Core/Src/stm32l4xx_hal_msp.c **** /* Private function prototypes -----------------------------------------------*/
  48:Core/Src/stm32l4xx_hal_msp.c **** /* USER CODE BEGIN PFP */
  49:Core/Src/stm32l4xx_hal_msp.c **** 
  50:Core/Src/stm32l4xx_hal_msp.c **** /* USER CODE END PFP */
  51:Core/Src/stm32l4xx_hal_msp.c **** 
  52:Core/Src/stm32l4xx_hal_msp.c **** /* External functions --------------------------------------------------------*/
  53:Core/Src/stm32l4xx_hal_msp.c **** /* USER CODE BEGIN ExternalFunctions */
  54:Core/Src/stm32l4xx_hal_msp.c **** 
  55:Core/Src/stm32l4xx_hal_msp.c **** /* USER CODE END ExternalFunctions */
  56:Core/Src/stm32l4xx_hal_msp.c **** 
  57:Core/Src/stm32l4xx_hal_msp.c **** /* USER CODE BEGIN 0 */
  58:Core/Src/stm32l4xx_hal_msp.c **** 
  59:Core/Src/stm32l4xx_hal_msp.c **** /* USER CODE END 0 */
  60:Core/Src/stm32l4xx_hal_msp.c **** /**
  61:Core/Src/stm32l4xx_hal_msp.c ****   * Initializes the Global MSP.
  62:Core/Src/stm32l4xx_hal_msp.c ****   */
  63:Core/Src/stm32l4xx_hal_msp.c **** void HAL_MspInit(void)
  64:Core/Src/stm32l4xx_hal_msp.c **** {
  29              		.loc 1 64 1 view -0
  30              		.cfi_startproc
  31              		@ args = 0, pretend = 0, frame = 8
  32              		@ frame_needed = 0, uses_anonymous_args = 0
  33 0000 00B5     		push	{lr}
  34              	.LCFI0:
  35              		.cfi_def_cfa_offset 4
  36              		.cfi_offset 14, -4
  37 0002 83B0     		sub	sp, sp, #12
  38              	.LCFI1:
  39              		.cfi_def_cfa_offset 16
  65:Core/Src/stm32l4xx_hal_msp.c **** 
  66:Core/Src/stm32l4xx_hal_msp.c ****   /* USER CODE BEGIN MspInit 0 */
  67:Core/Src/stm32l4xx_hal_msp.c **** 
  68:Core/Src/stm32l4xx_hal_msp.c ****   /* USER CODE END MspInit 0 */
  69:Core/Src/stm32l4xx_hal_msp.c **** 
  70:Core/Src/stm32l4xx_hal_msp.c ****   __HAL_RCC_SYSCFG_CLK_ENABLE();
  40              		.loc 1 70 3 view .LVU1
  41              	.LBB2:
  42              		.loc 1 70 3 view .LVU2
  43              		.loc 1 70 3 view .LVU3
  44 0004 0D4B     		ldr	r3, .L3
  45 0006 1A6E     		ldr	r2, [r3, #96]
ARM GAS  /tmp/ccthDUaA.s 			page 3


  46 0008 42F00102 		orr	r2, r2, #1
  47 000c 1A66     		str	r2, [r3, #96]
  48              		.loc 1 70 3 view .LVU4
  49 000e 1A6E     		ldr	r2, [r3, #96]
  50 0010 02F00102 		and	r2, r2, #1
  51 0014 0092     		str	r2, [sp]
  52              		.loc 1 70 3 view .LVU5
  53 0016 009A     		ldr	r2, [sp]
  54              	.LBE2:
  55              		.loc 1 70 3 view .LVU6
  71:Core/Src/stm32l4xx_hal_msp.c ****   __HAL_RCC_PWR_CLK_ENABLE();
  56              		.loc 1 71 3 view .LVU7
  57              	.LBB3:
  58              		.loc 1 71 3 view .LVU8
  59              		.loc 1 71 3 view .LVU9
  60 0018 9A6D     		ldr	r2, [r3, #88]
  61 001a 42F08052 		orr	r2, r2, #268435456
  62 001e 9A65     		str	r2, [r3, #88]
  63              		.loc 1 71 3 view .LVU10
  64 0020 9B6D     		ldr	r3, [r3, #88]
  65 0022 03F08053 		and	r3, r3, #268435456
  66 0026 0193     		str	r3, [sp, #4]
  67              		.loc 1 71 3 view .LVU11
  68 0028 019B     		ldr	r3, [sp, #4]
  69              	.LBE3:
  70              		.loc 1 71 3 view .LVU12
  72:Core/Src/stm32l4xx_hal_msp.c **** 
  73:Core/Src/stm32l4xx_hal_msp.c ****   /* System interrupt init*/
  74:Core/Src/stm32l4xx_hal_msp.c ****   /* PendSV_IRQn interrupt configuration */
  75:Core/Src/stm32l4xx_hal_msp.c ****   HAL_NVIC_SetPriority(PendSV_IRQn, 15, 0);
  71              		.loc 1 75 3 view .LVU13
  72 002a 0022     		movs	r2, #0
  73 002c 0F21     		movs	r1, #15
  74 002e 6FF00100 		mvn	r0, #1
  75 0032 FFF7FEFF 		bl	HAL_NVIC_SetPriority
  76              	.LVL0:
  76:Core/Src/stm32l4xx_hal_msp.c **** 
  77:Core/Src/stm32l4xx_hal_msp.c ****   /* USER CODE BEGIN MspInit 1 */
  78:Core/Src/stm32l4xx_hal_msp.c **** 
  79:Core/Src/stm32l4xx_hal_msp.c ****   /* USER CODE END MspInit 1 */
  80:Core/Src/stm32l4xx_hal_msp.c **** }
  77              		.loc 1 80 1 is_stmt 0 view .LVU14
  78 0036 03B0     		add	sp, sp, #12
  79              	.LCFI2:
  80              		.cfi_def_cfa_offset 4
  81              		@ sp needed
  82 0038 00BD     		pop	{pc}
  83              	.L4:
  84 003a 00BF     		.align	2
  85              	.L3:
  86 003c 00100240 		.word	1073876992
  87              		.cfi_endproc
  88              	.LFE235:
  90              		.section	.text.HAL_RTC_MspInit,"ax",%progbits
  91              		.align	1
  92              		.global	HAL_RTC_MspInit
  93              		.syntax unified
ARM GAS  /tmp/ccthDUaA.s 			page 4


  94              		.thumb
  95              		.thumb_func
  97              	HAL_RTC_MspInit:
  98              	.LVL1:
  99              	.LFB236:
  81:Core/Src/stm32l4xx_hal_msp.c **** 
  82:Core/Src/stm32l4xx_hal_msp.c **** /**
  83:Core/Src/stm32l4xx_hal_msp.c ****   * @brief RTC MSP Initialization
  84:Core/Src/stm32l4xx_hal_msp.c ****   * This function configures the hardware resources used in this example
  85:Core/Src/stm32l4xx_hal_msp.c ****   * @param hrtc: RTC handle pointer
  86:Core/Src/stm32l4xx_hal_msp.c ****   * @retval None
  87:Core/Src/stm32l4xx_hal_msp.c ****   */
  88:Core/Src/stm32l4xx_hal_msp.c **** void HAL_RTC_MspInit(RTC_HandleTypeDef* hrtc)
  89:Core/Src/stm32l4xx_hal_msp.c **** {
 100              		.loc 1 89 1 is_stmt 1 view -0
 101              		.cfi_startproc
 102              		@ args = 0, pretend = 0, frame = 136
 103              		@ frame_needed = 0, uses_anonymous_args = 0
 104              		.loc 1 89 1 is_stmt 0 view .LVU16
 105 0000 10B5     		push	{r4, lr}
 106              	.LCFI3:
 107              		.cfi_def_cfa_offset 8
 108              		.cfi_offset 4, -8
 109              		.cfi_offset 14, -4
 110 0002 A2B0     		sub	sp, sp, #136
 111              	.LCFI4:
 112              		.cfi_def_cfa_offset 144
 113 0004 0446     		mov	r4, r0
  90:Core/Src/stm32l4xx_hal_msp.c ****   RCC_PeriphCLKInitTypeDef PeriphClkInit = {0};
 114              		.loc 1 90 3 is_stmt 1 view .LVU17
 115              		.loc 1 90 28 is_stmt 0 view .LVU18
 116 0006 8822     		movs	r2, #136
 117 0008 0021     		movs	r1, #0
 118 000a 6846     		mov	r0, sp
 119              	.LVL2:
 120              		.loc 1 90 28 view .LVU19
 121 000c FFF7FEFF 		bl	memset
 122              	.LVL3:
  91:Core/Src/stm32l4xx_hal_msp.c ****   if(hrtc->Instance==RTC)
 123              		.loc 1 91 3 is_stmt 1 view .LVU20
 124              		.loc 1 91 10 is_stmt 0 view .LVU21
 125 0010 2268     		ldr	r2, [r4]
 126              		.loc 1 91 5 view .LVU22
 127 0012 0D4B     		ldr	r3, .L11
 128 0014 9A42     		cmp	r2, r3
 129 0016 01D0     		beq	.L9
 130              	.L5:
  92:Core/Src/stm32l4xx_hal_msp.c ****   {
  93:Core/Src/stm32l4xx_hal_msp.c ****     /* USER CODE BEGIN RTC_MspInit 0 */
  94:Core/Src/stm32l4xx_hal_msp.c **** 
  95:Core/Src/stm32l4xx_hal_msp.c ****     /* USER CODE END RTC_MspInit 0 */
  96:Core/Src/stm32l4xx_hal_msp.c **** 
  97:Core/Src/stm32l4xx_hal_msp.c ****   /** Initializes the peripherals clock
  98:Core/Src/stm32l4xx_hal_msp.c ****   */
  99:Core/Src/stm32l4xx_hal_msp.c ****     PeriphClkInit.PeriphClockSelection = RCC_PERIPHCLK_RTC;
 100:Core/Src/stm32l4xx_hal_msp.c ****     PeriphClkInit.RTCClockSelection = RCC_RTCCLKSOURCE_LSI;
 101:Core/Src/stm32l4xx_hal_msp.c ****     if (HAL_RCCEx_PeriphCLKConfig(&PeriphClkInit) != HAL_OK)
ARM GAS  /tmp/ccthDUaA.s 			page 5


 102:Core/Src/stm32l4xx_hal_msp.c ****     {
 103:Core/Src/stm32l4xx_hal_msp.c ****       Error_Handler();
 104:Core/Src/stm32l4xx_hal_msp.c ****     }
 105:Core/Src/stm32l4xx_hal_msp.c **** 
 106:Core/Src/stm32l4xx_hal_msp.c ****     /* Peripheral clock enable */
 107:Core/Src/stm32l4xx_hal_msp.c ****     __HAL_RCC_RTC_ENABLE();
 108:Core/Src/stm32l4xx_hal_msp.c ****     /* USER CODE BEGIN RTC_MspInit 1 */
 109:Core/Src/stm32l4xx_hal_msp.c **** 
 110:Core/Src/stm32l4xx_hal_msp.c ****     /* USER CODE END RTC_MspInit 1 */
 111:Core/Src/stm32l4xx_hal_msp.c **** 
 112:Core/Src/stm32l4xx_hal_msp.c ****   }
 113:Core/Src/stm32l4xx_hal_msp.c **** 
 114:Core/Src/stm32l4xx_hal_msp.c **** }
 131              		.loc 1 114 1 view .LVU23
 132 0018 22B0     		add	sp, sp, #136
 133              	.LCFI5:
 134              		.cfi_remember_state
 135              		.cfi_def_cfa_offset 8
 136              		@ sp needed
 137 001a 10BD     		pop	{r4, pc}
 138              	.LVL4:
 139              	.L9:
 140              	.LCFI6:
 141              		.cfi_restore_state
  99:Core/Src/stm32l4xx_hal_msp.c ****     PeriphClkInit.RTCClockSelection = RCC_RTCCLKSOURCE_LSI;
 142              		.loc 1 99 5 is_stmt 1 view .LVU24
  99:Core/Src/stm32l4xx_hal_msp.c ****     PeriphClkInit.RTCClockSelection = RCC_RTCCLKSOURCE_LSI;
 143              		.loc 1 99 40 is_stmt 0 view .LVU25
 144 001c 4FF40033 		mov	r3, #131072
 145 0020 0093     		str	r3, [sp]
 100:Core/Src/stm32l4xx_hal_msp.c ****     if (HAL_RCCEx_PeriphCLKConfig(&PeriphClkInit) != HAL_OK)
 146              		.loc 1 100 5 is_stmt 1 view .LVU26
 100:Core/Src/stm32l4xx_hal_msp.c ****     if (HAL_RCCEx_PeriphCLKConfig(&PeriphClkInit) != HAL_OK)
 147              		.loc 1 100 37 is_stmt 0 view .LVU27
 148 0022 4FF40073 		mov	r3, #512
 149 0026 2193     		str	r3, [sp, #132]
 101:Core/Src/stm32l4xx_hal_msp.c ****     {
 150              		.loc 1 101 5 is_stmt 1 view .LVU28
 101:Core/Src/stm32l4xx_hal_msp.c ****     {
 151              		.loc 1 101 9 is_stmt 0 view .LVU29
 152 0028 6846     		mov	r0, sp
 153 002a FFF7FEFF 		bl	HAL_RCCEx_PeriphCLKConfig
 154              	.LVL5:
 101:Core/Src/stm32l4xx_hal_msp.c ****     {
 155              		.loc 1 101 8 discriminator 1 view .LVU30
 156 002e 38B9     		cbnz	r0, .L10
 157              	.L7:
 107:Core/Src/stm32l4xx_hal_msp.c ****     /* USER CODE BEGIN RTC_MspInit 1 */
 158              		.loc 1 107 5 is_stmt 1 view .LVU31
 159 0030 064A     		ldr	r2, .L11+4
 160 0032 D2F89030 		ldr	r3, [r2, #144]
 161 0036 43F40043 		orr	r3, r3, #32768
 162 003a C2F89030 		str	r3, [r2, #144]
 163              		.loc 1 114 1 is_stmt 0 view .LVU32
 164 003e EBE7     		b	.L5
 165              	.L10:
 103:Core/Src/stm32l4xx_hal_msp.c ****     }
ARM GAS  /tmp/ccthDUaA.s 			page 6


 166              		.loc 1 103 7 is_stmt 1 view .LVU33
 167 0040 FFF7FEFF 		bl	Error_Handler
 168              	.LVL6:
 169 0044 F4E7     		b	.L7
 170              	.L12:
 171 0046 00BF     		.align	2
 172              	.L11:
 173 0048 00280040 		.word	1073752064
 174 004c 00100240 		.word	1073876992
 175              		.cfi_endproc
 176              	.LFE236:
 178              		.section	.text.HAL_RTC_MspDeInit,"ax",%progbits
 179              		.align	1
 180              		.global	HAL_RTC_MspDeInit
 181              		.syntax unified
 182              		.thumb
 183              		.thumb_func
 185              	HAL_RTC_MspDeInit:
 186              	.LVL7:
 187              	.LFB237:
 115:Core/Src/stm32l4xx_hal_msp.c **** 
 116:Core/Src/stm32l4xx_hal_msp.c **** /**
 117:Core/Src/stm32l4xx_hal_msp.c ****   * @brief RTC MSP De-Initialization
 118:Core/Src/stm32l4xx_hal_msp.c ****   * This function freeze the hardware resources used in this example
 119:Core/Src/stm32l4xx_hal_msp.c ****   * @param hrtc: RTC handle pointer
 120:Core/Src/stm32l4xx_hal_msp.c ****   * @retval None
 121:Core/Src/stm32l4xx_hal_msp.c ****   */
 122:Core/Src/stm32l4xx_hal_msp.c **** void HAL_RTC_MspDeInit(RTC_HandleTypeDef* hrtc)
 123:Core/Src/stm32l4xx_hal_msp.c **** {
 188              		.loc 1 123 1 view -0
 189              		.cfi_startproc
 190              		@ args = 0, pretend = 0, frame = 0
 191              		@ frame_needed = 0, uses_anonymous_args = 0
 192              		@ link register save eliminated.
 124:Core/Src/stm32l4xx_hal_msp.c ****   if(hrtc->Instance==RTC)
 193              		.loc 1 124 3 view .LVU35
 194              		.loc 1 124 10 is_stmt 0 view .LVU36
 195 0000 0268     		ldr	r2, [r0]
 196              		.loc 1 124 5 view .LVU37
 197 0002 064B     		ldr	r3, .L16
 198 0004 9A42     		cmp	r2, r3
 199 0006 00D0     		beq	.L15
 200              	.L13:
 125:Core/Src/stm32l4xx_hal_msp.c ****   {
 126:Core/Src/stm32l4xx_hal_msp.c ****     /* USER CODE BEGIN RTC_MspDeInit 0 */
 127:Core/Src/stm32l4xx_hal_msp.c **** 
 128:Core/Src/stm32l4xx_hal_msp.c ****     /* USER CODE END RTC_MspDeInit 0 */
 129:Core/Src/stm32l4xx_hal_msp.c ****     /* Peripheral clock disable */
 130:Core/Src/stm32l4xx_hal_msp.c ****     __HAL_RCC_RTC_DISABLE();
 131:Core/Src/stm32l4xx_hal_msp.c ****     /* USER CODE BEGIN RTC_MspDeInit 1 */
 132:Core/Src/stm32l4xx_hal_msp.c **** 
 133:Core/Src/stm32l4xx_hal_msp.c ****     /* USER CODE END RTC_MspDeInit 1 */
 134:Core/Src/stm32l4xx_hal_msp.c ****   }
 135:Core/Src/stm32l4xx_hal_msp.c **** 
 136:Core/Src/stm32l4xx_hal_msp.c **** }
 201              		.loc 1 136 1 view .LVU38
 202 0008 7047     		bx	lr
ARM GAS  /tmp/ccthDUaA.s 			page 7


 203              	.L15:
 130:Core/Src/stm32l4xx_hal_msp.c ****     /* USER CODE BEGIN RTC_MspDeInit 1 */
 204              		.loc 1 130 5 is_stmt 1 view .LVU39
 205 000a 054A     		ldr	r2, .L16+4
 206 000c D2F89030 		ldr	r3, [r2, #144]
 207 0010 23F40043 		bic	r3, r3, #32768
 208 0014 C2F89030 		str	r3, [r2, #144]
 209              		.loc 1 136 1 is_stmt 0 view .LVU40
 210 0018 F6E7     		b	.L13
 211              	.L17:
 212 001a 00BF     		.align	2
 213              	.L16:
 214 001c 00280040 		.word	1073752064
 215 0020 00100240 		.word	1073876992
 216              		.cfi_endproc
 217              	.LFE237:
 219              		.section	.text.HAL_UART_MspInit,"ax",%progbits
 220              		.align	1
 221              		.global	HAL_UART_MspInit
 222              		.syntax unified
 223              		.thumb
 224              		.thumb_func
 226              	HAL_UART_MspInit:
 227              	.LVL8:
 228              	.LFB238:
 137:Core/Src/stm32l4xx_hal_msp.c **** 
 138:Core/Src/stm32l4xx_hal_msp.c **** /**
 139:Core/Src/stm32l4xx_hal_msp.c ****   * @brief UART MSP Initialization
 140:Core/Src/stm32l4xx_hal_msp.c ****   * This function configures the hardware resources used in this example
 141:Core/Src/stm32l4xx_hal_msp.c ****   * @param huart: UART handle pointer
 142:Core/Src/stm32l4xx_hal_msp.c ****   * @retval None
 143:Core/Src/stm32l4xx_hal_msp.c ****   */
 144:Core/Src/stm32l4xx_hal_msp.c **** void HAL_UART_MspInit(UART_HandleTypeDef* huart)
 145:Core/Src/stm32l4xx_hal_msp.c **** {
 229              		.loc 1 145 1 is_stmt 1 view -0
 230              		.cfi_startproc
 231              		@ args = 0, pretend = 0, frame = 168
 232              		@ frame_needed = 0, uses_anonymous_args = 0
 233              		.loc 1 145 1 is_stmt 0 view .LVU42
 234 0000 10B5     		push	{r4, lr}
 235              	.LCFI7:
 236              		.cfi_def_cfa_offset 8
 237              		.cfi_offset 4, -8
 238              		.cfi_offset 14, -4
 239 0002 AAB0     		sub	sp, sp, #168
 240              	.LCFI8:
 241              		.cfi_def_cfa_offset 176
 242 0004 0446     		mov	r4, r0
 146:Core/Src/stm32l4xx_hal_msp.c ****   GPIO_InitTypeDef GPIO_InitStruct = {0};
 243              		.loc 1 146 3 is_stmt 1 view .LVU43
 244              		.loc 1 146 20 is_stmt 0 view .LVU44
 245 0006 0021     		movs	r1, #0
 246 0008 2591     		str	r1, [sp, #148]
 247 000a 2691     		str	r1, [sp, #152]
 248 000c 2791     		str	r1, [sp, #156]
 249 000e 2891     		str	r1, [sp, #160]
 250 0010 2991     		str	r1, [sp, #164]
ARM GAS  /tmp/ccthDUaA.s 			page 8


 147:Core/Src/stm32l4xx_hal_msp.c ****   RCC_PeriphCLKInitTypeDef PeriphClkInit = {0};
 251              		.loc 1 147 3 is_stmt 1 view .LVU45
 252              		.loc 1 147 28 is_stmt 0 view .LVU46
 253 0012 8822     		movs	r2, #136
 254 0014 03A8     		add	r0, sp, #12
 255              	.LVL9:
 256              		.loc 1 147 28 view .LVU47
 257 0016 FFF7FEFF 		bl	memset
 258              	.LVL10:
 148:Core/Src/stm32l4xx_hal_msp.c ****   if(huart->Instance==USART2)
 259              		.loc 1 148 3 is_stmt 1 view .LVU48
 260              		.loc 1 148 11 is_stmt 0 view .LVU49
 261 001a 2268     		ldr	r2, [r4]
 262              		.loc 1 148 5 view .LVU50
 263 001c 1C4B     		ldr	r3, .L24
 264 001e 9A42     		cmp	r2, r3
 265 0020 01D0     		beq	.L22
 266              	.L18:
 149:Core/Src/stm32l4xx_hal_msp.c ****   {
 150:Core/Src/stm32l4xx_hal_msp.c ****     /* USER CODE BEGIN USART2_MspInit 0 */
 151:Core/Src/stm32l4xx_hal_msp.c **** 
 152:Core/Src/stm32l4xx_hal_msp.c ****     /* USER CODE END USART2_MspInit 0 */
 153:Core/Src/stm32l4xx_hal_msp.c **** 
 154:Core/Src/stm32l4xx_hal_msp.c ****   /** Initializes the peripherals clock
 155:Core/Src/stm32l4xx_hal_msp.c ****   */
 156:Core/Src/stm32l4xx_hal_msp.c ****     PeriphClkInit.PeriphClockSelection = RCC_PERIPHCLK_USART2;
 157:Core/Src/stm32l4xx_hal_msp.c ****     PeriphClkInit.Usart2ClockSelection = RCC_USART2CLKSOURCE_PCLK1;
 158:Core/Src/stm32l4xx_hal_msp.c ****     if (HAL_RCCEx_PeriphCLKConfig(&PeriphClkInit) != HAL_OK)
 159:Core/Src/stm32l4xx_hal_msp.c ****     {
 160:Core/Src/stm32l4xx_hal_msp.c ****       Error_Handler();
 161:Core/Src/stm32l4xx_hal_msp.c ****     }
 162:Core/Src/stm32l4xx_hal_msp.c **** 
 163:Core/Src/stm32l4xx_hal_msp.c ****     /* Peripheral clock enable */
 164:Core/Src/stm32l4xx_hal_msp.c ****     __HAL_RCC_USART2_CLK_ENABLE();
 165:Core/Src/stm32l4xx_hal_msp.c **** 
 166:Core/Src/stm32l4xx_hal_msp.c ****     __HAL_RCC_GPIOA_CLK_ENABLE();
 167:Core/Src/stm32l4xx_hal_msp.c ****     /**USART2 GPIO Configuration
 168:Core/Src/stm32l4xx_hal_msp.c ****     PA2     ------> USART2_TX
 169:Core/Src/stm32l4xx_hal_msp.c ****     PA3     ------> USART2_RX
 170:Core/Src/stm32l4xx_hal_msp.c ****     */
 171:Core/Src/stm32l4xx_hal_msp.c ****     GPIO_InitStruct.Pin = GPIO_PIN_2|GPIO_PIN_3;
 172:Core/Src/stm32l4xx_hal_msp.c ****     GPIO_InitStruct.Mode = GPIO_MODE_AF_PP;
 173:Core/Src/stm32l4xx_hal_msp.c ****     GPIO_InitStruct.Pull = GPIO_NOPULL;
 174:Core/Src/stm32l4xx_hal_msp.c ****     GPIO_InitStruct.Speed = GPIO_SPEED_FREQ_VERY_HIGH;
 175:Core/Src/stm32l4xx_hal_msp.c ****     GPIO_InitStruct.Alternate = GPIO_AF7_USART2;
 176:Core/Src/stm32l4xx_hal_msp.c ****     HAL_GPIO_Init(GPIOA, &GPIO_InitStruct);
 177:Core/Src/stm32l4xx_hal_msp.c **** 
 178:Core/Src/stm32l4xx_hal_msp.c ****     /* USART2 interrupt Init */
 179:Core/Src/stm32l4xx_hal_msp.c ****     HAL_NVIC_SetPriority(USART2_IRQn, 6, 0);
 180:Core/Src/stm32l4xx_hal_msp.c ****     HAL_NVIC_EnableIRQ(USART2_IRQn);
 181:Core/Src/stm32l4xx_hal_msp.c ****     /* USER CODE BEGIN USART2_MspInit 1 */
 182:Core/Src/stm32l4xx_hal_msp.c **** 
 183:Core/Src/stm32l4xx_hal_msp.c ****     /* USER CODE END USART2_MspInit 1 */
 184:Core/Src/stm32l4xx_hal_msp.c **** 
 185:Core/Src/stm32l4xx_hal_msp.c ****   }
 186:Core/Src/stm32l4xx_hal_msp.c **** 
 187:Core/Src/stm32l4xx_hal_msp.c **** }
ARM GAS  /tmp/ccthDUaA.s 			page 9


 267              		.loc 1 187 1 view .LVU51
 268 0022 2AB0     		add	sp, sp, #168
 269              	.LCFI9:
 270              		.cfi_remember_state
 271              		.cfi_def_cfa_offset 8
 272              		@ sp needed
 273 0024 10BD     		pop	{r4, pc}
 274              	.LVL11:
 275              	.L22:
 276              	.LCFI10:
 277              		.cfi_restore_state
 156:Core/Src/stm32l4xx_hal_msp.c ****     PeriphClkInit.Usart2ClockSelection = RCC_USART2CLKSOURCE_PCLK1;
 278              		.loc 1 156 5 is_stmt 1 view .LVU52
 156:Core/Src/stm32l4xx_hal_msp.c ****     PeriphClkInit.Usart2ClockSelection = RCC_USART2CLKSOURCE_PCLK1;
 279              		.loc 1 156 40 is_stmt 0 view .LVU53
 280 0026 0223     		movs	r3, #2
 281 0028 0393     		str	r3, [sp, #12]
 157:Core/Src/stm32l4xx_hal_msp.c ****     if (HAL_RCCEx_PeriphCLKConfig(&PeriphClkInit) != HAL_OK)
 282              		.loc 1 157 5 is_stmt 1 view .LVU54
 158:Core/Src/stm32l4xx_hal_msp.c ****     {
 283              		.loc 1 158 5 view .LVU55
 158:Core/Src/stm32l4xx_hal_msp.c ****     {
 284              		.loc 1 158 9 is_stmt 0 view .LVU56
 285 002a 03A8     		add	r0, sp, #12
 286 002c FFF7FEFF 		bl	HAL_RCCEx_PeriphCLKConfig
 287              	.LVL12:
 158:Core/Src/stm32l4xx_hal_msp.c ****     {
 288              		.loc 1 158 8 discriminator 1 view .LVU57
 289 0030 50BB     		cbnz	r0, .L23
 290              	.L20:
 164:Core/Src/stm32l4xx_hal_msp.c **** 
 291              		.loc 1 164 5 is_stmt 1 view .LVU58
 292              	.LBB4:
 164:Core/Src/stm32l4xx_hal_msp.c **** 
 293              		.loc 1 164 5 view .LVU59
 164:Core/Src/stm32l4xx_hal_msp.c **** 
 294              		.loc 1 164 5 view .LVU60
 295 0032 184B     		ldr	r3, .L24+4
 296 0034 9A6D     		ldr	r2, [r3, #88]
 297 0036 42F40032 		orr	r2, r2, #131072
 298 003a 9A65     		str	r2, [r3, #88]
 164:Core/Src/stm32l4xx_hal_msp.c **** 
 299              		.loc 1 164 5 view .LVU61
 300 003c 9A6D     		ldr	r2, [r3, #88]
 301 003e 02F40032 		and	r2, r2, #131072
 302 0042 0192     		str	r2, [sp, #4]
 164:Core/Src/stm32l4xx_hal_msp.c **** 
 303              		.loc 1 164 5 view .LVU62
 304 0044 019A     		ldr	r2, [sp, #4]
 305              	.LBE4:
 164:Core/Src/stm32l4xx_hal_msp.c **** 
 306              		.loc 1 164 5 view .LVU63
 166:Core/Src/stm32l4xx_hal_msp.c ****     /**USART2 GPIO Configuration
 307              		.loc 1 166 5 view .LVU64
 308              	.LBB5:
 166:Core/Src/stm32l4xx_hal_msp.c ****     /**USART2 GPIO Configuration
 309              		.loc 1 166 5 view .LVU65
ARM GAS  /tmp/ccthDUaA.s 			page 10


 166:Core/Src/stm32l4xx_hal_msp.c ****     /**USART2 GPIO Configuration
 310              		.loc 1 166 5 view .LVU66
 311 0046 DA6C     		ldr	r2, [r3, #76]
 312 0048 42F00102 		orr	r2, r2, #1
 313 004c DA64     		str	r2, [r3, #76]
 166:Core/Src/stm32l4xx_hal_msp.c ****     /**USART2 GPIO Configuration
 314              		.loc 1 166 5 view .LVU67
 315 004e DB6C     		ldr	r3, [r3, #76]
 316 0050 03F00103 		and	r3, r3, #1
 317 0054 0293     		str	r3, [sp, #8]
 166:Core/Src/stm32l4xx_hal_msp.c ****     /**USART2 GPIO Configuration
 318              		.loc 1 166 5 view .LVU68
 319 0056 029B     		ldr	r3, [sp, #8]
 320              	.LBE5:
 166:Core/Src/stm32l4xx_hal_msp.c ****     /**USART2 GPIO Configuration
 321              		.loc 1 166 5 view .LVU69
 171:Core/Src/stm32l4xx_hal_msp.c ****     GPIO_InitStruct.Mode = GPIO_MODE_AF_PP;
 322              		.loc 1 171 5 view .LVU70
 171:Core/Src/stm32l4xx_hal_msp.c ****     GPIO_InitStruct.Mode = GPIO_MODE_AF_PP;
 323              		.loc 1 171 25 is_stmt 0 view .LVU71
 324 0058 0C23     		movs	r3, #12
 325 005a 2593     		str	r3, [sp, #148]
 172:Core/Src/stm32l4xx_hal_msp.c ****     GPIO_InitStruct.Pull = GPIO_NOPULL;
 326              		.loc 1 172 5 is_stmt 1 view .LVU72
 172:Core/Src/stm32l4xx_hal_msp.c ****     GPIO_InitStruct.Pull = GPIO_NOPULL;
 327              		.loc 1 172 26 is_stmt 0 view .LVU73
 328 005c 0223     		movs	r3, #2
 329 005e 2693     		str	r3, [sp, #152]
 173:Core/Src/stm32l4xx_hal_msp.c ****     GPIO_InitStruct.Speed = GPIO_SPEED_FREQ_VERY_HIGH;
 330              		.loc 1 173 5 is_stmt 1 view .LVU74
 173:Core/Src/stm32l4xx_hal_msp.c ****     GPIO_InitStruct.Speed = GPIO_SPEED_FREQ_VERY_HIGH;
 331              		.loc 1 173 26 is_stmt 0 view .LVU75
 332 0060 0023     		movs	r3, #0
 333 0062 2793     		str	r3, [sp, #156]
 174:Core/Src/stm32l4xx_hal_msp.c ****     GPIO_InitStruct.Alternate = GPIO_AF7_USART2;
 334              		.loc 1 174 5 is_stmt 1 view .LVU76
 174:Core/Src/stm32l4xx_hal_msp.c ****     GPIO_InitStruct.Alternate = GPIO_AF7_USART2;
 335              		.loc 1 174 27 is_stmt 0 view .LVU77
 336 0064 0323     		movs	r3, #3
 337 0066 2893     		str	r3, [sp, #160]
 175:Core/Src/stm32l4xx_hal_msp.c ****     HAL_GPIO_Init(GPIOA, &GPIO_InitStruct);
 338              		.loc 1 175 5 is_stmt 1 view .LVU78
 175:Core/Src/stm32l4xx_hal_msp.c ****     HAL_GPIO_Init(GPIOA, &GPIO_InitStruct);
 339              		.loc 1 175 31 is_stmt 0 view .LVU79
 340 0068 0723     		movs	r3, #7
 341 006a 2993     		str	r3, [sp, #164]
 176:Core/Src/stm32l4xx_hal_msp.c **** 
 342              		.loc 1 176 5 is_stmt 1 view .LVU80
 343 006c 25A9     		add	r1, sp, #148
 344 006e 4FF09040 		mov	r0, #1207959552
 345 0072 FFF7FEFF 		bl	HAL_GPIO_Init
 346              	.LVL13:
 179:Core/Src/stm32l4xx_hal_msp.c ****     HAL_NVIC_EnableIRQ(USART2_IRQn);
 347              		.loc 1 179 5 view .LVU81
 348 0076 0022     		movs	r2, #0
 349 0078 0621     		movs	r1, #6
 350 007a 2620     		movs	r0, #38
ARM GAS  /tmp/ccthDUaA.s 			page 11


 351 007c FFF7FEFF 		bl	HAL_NVIC_SetPriority
 352              	.LVL14:
 180:Core/Src/stm32l4xx_hal_msp.c ****     /* USER CODE BEGIN USART2_MspInit 1 */
 353              		.loc 1 180 5 view .LVU82
 354 0080 2620     		movs	r0, #38
 355 0082 FFF7FEFF 		bl	HAL_NVIC_EnableIRQ
 356              	.LVL15:
 357              		.loc 1 187 1 is_stmt 0 view .LVU83
 358 0086 CCE7     		b	.L18
 359              	.L23:
 160:Core/Src/stm32l4xx_hal_msp.c ****     }
 360              		.loc 1 160 7 is_stmt 1 view .LVU84
 361 0088 FFF7FEFF 		bl	Error_Handler
 362              	.LVL16:
 363 008c D1E7     		b	.L20
 364              	.L25:
 365 008e 00BF     		.align	2
 366              	.L24:
 367 0090 00440040 		.word	1073759232
 368 0094 00100240 		.word	1073876992
 369              		.cfi_endproc
 370              	.LFE238:
 372              		.section	.text.HAL_UART_MspDeInit,"ax",%progbits
 373              		.align	1
 374              		.global	HAL_UART_MspDeInit
 375              		.syntax unified
 376              		.thumb
 377              		.thumb_func
 379              	HAL_UART_MspDeInit:
 380              	.LVL17:
 381              	.LFB239:
 188:Core/Src/stm32l4xx_hal_msp.c **** 
 189:Core/Src/stm32l4xx_hal_msp.c **** /**
 190:Core/Src/stm32l4xx_hal_msp.c ****   * @brief UART MSP De-Initialization
 191:Core/Src/stm32l4xx_hal_msp.c ****   * This function freeze the hardware resources used in this example
 192:Core/Src/stm32l4xx_hal_msp.c ****   * @param huart: UART handle pointer
 193:Core/Src/stm32l4xx_hal_msp.c ****   * @retval None
 194:Core/Src/stm32l4xx_hal_msp.c ****   */
 195:Core/Src/stm32l4xx_hal_msp.c **** void HAL_UART_MspDeInit(UART_HandleTypeDef* huart)
 196:Core/Src/stm32l4xx_hal_msp.c **** {
 382              		.loc 1 196 1 view -0
 383              		.cfi_startproc
 384              		@ args = 0, pretend = 0, frame = 0
 385              		@ frame_needed = 0, uses_anonymous_args = 0
 386              		.loc 1 196 1 is_stmt 0 view .LVU86
 387 0000 08B5     		push	{r3, lr}
 388              	.LCFI11:
 389              		.cfi_def_cfa_offset 8
 390              		.cfi_offset 3, -8
 391              		.cfi_offset 14, -4
 197:Core/Src/stm32l4xx_hal_msp.c ****   if(huart->Instance==USART2)
 392              		.loc 1 197 3 is_stmt 1 view .LVU87
 393              		.loc 1 197 11 is_stmt 0 view .LVU88
 394 0002 0268     		ldr	r2, [r0]
 395              		.loc 1 197 5 view .LVU89
 396 0004 084B     		ldr	r3, .L30
 397 0006 9A42     		cmp	r2, r3
ARM GAS  /tmp/ccthDUaA.s 			page 12


 398 0008 00D0     		beq	.L29
 399              	.LVL18:
 400              	.L26:
 198:Core/Src/stm32l4xx_hal_msp.c ****   {
 199:Core/Src/stm32l4xx_hal_msp.c ****     /* USER CODE BEGIN USART2_MspDeInit 0 */
 200:Core/Src/stm32l4xx_hal_msp.c **** 
 201:Core/Src/stm32l4xx_hal_msp.c ****     /* USER CODE END USART2_MspDeInit 0 */
 202:Core/Src/stm32l4xx_hal_msp.c ****     /* Peripheral clock disable */
 203:Core/Src/stm32l4xx_hal_msp.c ****     __HAL_RCC_USART2_CLK_DISABLE();
 204:Core/Src/stm32l4xx_hal_msp.c **** 
 205:Core/Src/stm32l4xx_hal_msp.c ****     /**USART2 GPIO Configuration
 206:Core/Src/stm32l4xx_hal_msp.c ****     PA2     ------> USART2_TX
 207:Core/Src/stm32l4xx_hal_msp.c ****     PA3     ------> USART2_RX
 208:Core/Src/stm32l4xx_hal_msp.c ****     */
 209:Core/Src/stm32l4xx_hal_msp.c ****     HAL_GPIO_DeInit(GPIOA, GPIO_PIN_2|GPIO_PIN_3);
 210:Core/Src/stm32l4xx_hal_msp.c **** 
 211:Core/Src/stm32l4xx_hal_msp.c ****     /* USART2 interrupt DeInit */
 212:Core/Src/stm32l4xx_hal_msp.c ****     HAL_NVIC_DisableIRQ(USART2_IRQn);
 213:Core/Src/stm32l4xx_hal_msp.c ****     /* USER CODE BEGIN USART2_MspDeInit 1 */
 214:Core/Src/stm32l4xx_hal_msp.c **** 
 215:Core/Src/stm32l4xx_hal_msp.c ****     /* USER CODE END USART2_MspDeInit 1 */
 216:Core/Src/stm32l4xx_hal_msp.c ****   }
 217:Core/Src/stm32l4xx_hal_msp.c **** 
 218:Core/Src/stm32l4xx_hal_msp.c **** }
 401              		.loc 1 218 1 view .LVU90
 402 000a 08BD     		pop	{r3, pc}
 403              	.LVL19:
 404              	.L29:
 203:Core/Src/stm32l4xx_hal_msp.c **** 
 405              		.loc 1 203 5 is_stmt 1 view .LVU91
 406 000c 074A     		ldr	r2, .L30+4
 407 000e 936D     		ldr	r3, [r2, #88]
 408 0010 23F40033 		bic	r3, r3, #131072
 409 0014 9365     		str	r3, [r2, #88]
 209:Core/Src/stm32l4xx_hal_msp.c **** 
 410              		.loc 1 209 5 view .LVU92
 411 0016 0C21     		movs	r1, #12
 412 0018 4FF09040 		mov	r0, #1207959552
 413              	.LVL20:
 209:Core/Src/stm32l4xx_hal_msp.c **** 
 414              		.loc 1 209 5 is_stmt 0 view .LVU93
 415 001c FFF7FEFF 		bl	HAL_GPIO_DeInit
 416              	.LVL21:
 212:Core/Src/stm32l4xx_hal_msp.c ****     /* USER CODE BEGIN USART2_MspDeInit 1 */
 417              		.loc 1 212 5 is_stmt 1 view .LVU94
 418 0020 2620     		movs	r0, #38
 419 0022 FFF7FEFF 		bl	HAL_NVIC_DisableIRQ
 420              	.LVL22:
 421              		.loc 1 218 1 is_stmt 0 view .LVU95
 422 0026 F0E7     		b	.L26
 423              	.L31:
 424              		.align	2
 425              	.L30:
 426 0028 00440040 		.word	1073759232
 427 002c 00100240 		.word	1073876992
 428              		.cfi_endproc
 429              	.LFE239:
ARM GAS  /tmp/ccthDUaA.s 			page 13


 431              		.text
 432              	.Letext0:
 433              		.file 2 "Drivers/CMSIS/Device/ST/STM32L4xx/Include/stm32l476xx.h"
 434              		.file 3 "/usr/arm-none-eabi/include/machine/_default_types.h"
 435              		.file 4 "/usr/arm-none-eabi/include/sys/_stdint.h"
 436              		.file 5 "Drivers/STM32L4xx_HAL_Driver/Inc/stm32l4xx_hal_def.h"
 437              		.file 6 "Drivers/STM32L4xx_HAL_Driver/Inc/stm32l4xx_hal_rcc_ex.h"
 438              		.file 7 "Drivers/STM32L4xx_HAL_Driver/Inc/stm32l4xx_hal_gpio.h"
 439              		.file 8 "Drivers/STM32L4xx_HAL_Driver/Inc/stm32l4xx_hal_dma.h"
 440              		.file 9 "Drivers/STM32L4xx_HAL_Driver/Inc/stm32l4xx_hal_rtc.h"
 441              		.file 10 "Drivers/STM32L4xx_HAL_Driver/Inc/stm32l4xx_hal_uart.h"
 442              		.file 11 "Drivers/STM32L4xx_HAL_Driver/Inc/stm32l4xx_hal_cortex.h"
 443              		.file 12 "Drivers/STM32L4xx_HAL_Driver/Inc/stm32l4xx_ll_dma.h"
 444              		.file 13 "Core/Inc/main.h"
 445              		.file 14 "<built-in>"
ARM GAS  /tmp/ccthDUaA.s 			page 14


DEFINED SYMBOLS
                            *ABS*:00000000 stm32l4xx_hal_msp.c
     /tmp/ccthDUaA.s:21     .text.HAL_MspInit:00000000 $t
     /tmp/ccthDUaA.s:27     .text.HAL_MspInit:00000000 HAL_MspInit
     /tmp/ccthDUaA.s:86     .text.HAL_MspInit:0000003c $d
     /tmp/ccthDUaA.s:91     .text.HAL_RTC_MspInit:00000000 $t
     /tmp/ccthDUaA.s:97     .text.HAL_RTC_MspInit:00000000 HAL_RTC_MspInit
     /tmp/ccthDUaA.s:173    .text.HAL_RTC_MspInit:00000048 $d
     /tmp/ccthDUaA.s:179    .text.HAL_RTC_MspDeInit:00000000 $t
     /tmp/ccthDUaA.s:185    .text.HAL_RTC_MspDeInit:00000000 HAL_RTC_MspDeInit
     /tmp/ccthDUaA.s:214    .text.HAL_RTC_MspDeInit:0000001c $d
     /tmp/ccthDUaA.s:220    .text.HAL_UART_MspInit:00000000 $t
     /tmp/ccthDUaA.s:226    .text.HAL_UART_MspInit:00000000 HAL_UART_MspInit
     /tmp/ccthDUaA.s:367    .text.HAL_UART_MspInit:00000090 $d
     /tmp/ccthDUaA.s:373    .text.HAL_UART_MspDeInit:00000000 $t
     /tmp/ccthDUaA.s:379    .text.HAL_UART_MspDeInit:00000000 HAL_UART_MspDeInit
     /tmp/ccthDUaA.s:426    .text.HAL_UART_MspDeInit:00000028 $d

UNDEFINED SYMBOLS
HAL_NVIC_SetPriority
memset
HAL_RCCEx_PeriphCLKConfig
Error_Handler
HAL_GPIO_Init
HAL_NVIC_EnableIRQ
HAL_GPIO_DeInit
HAL_NVIC_DisableIRQ
